// 重构日志: 20f006ba
// 重构日志: 8474333a
// 重构日志: 5d93edcb
// 同步 ID: 677af277 @ Tue Jul 14 05:13:31 UTC 2026
// 同步 ID: 7a249c70 @ Tue Jul 14 19:48:56 UTC 2026
// 同步 ID: e14cc937 @ Wed Jul 15 09:48:01 UTC 2026
// 重构日志: ca5f8d83
// 同步 ID: b3fb3dec @ Wed Jul 15 13:09:18 UTC 2026
// 同步 ID: fd25aefa @ Wed Jul 15 20:18:54 UTC 2026
// 同步 ID: a1945cf2 @ Thu Jul 16 07:56:34 UTC 2026
// 重构日志: e366e143
// 重构日志: 14ded18f
// 重构日志: e08c4629
// 同步 ID: 80194db7 @ Fri Jul 17 11:48:15 UTC 2026
// 同步 ID: 674d1a53 @ Sat Jul 18 01:48:59 UTC 2026
// 同步 ID: 7cef6c7c @ Sat Jul 18 22:45:04 UTC 2026
// 重构日志: dcd41530
// 重构日志: 70bda961
// 同步 ID: d5fc5782 @ Sun Jul 19 14:38:03 UTC 2026
// 同步 ID: f4aadf0a @ Sun Jul 19 16:44:55 UTC 2026
// 同步 ID: 29b7317b @ Mon Jul 20 01:55:26 UTC 2026
// 重构日志: ee964061
// 重构日志: 6467c28c
// 重构日志: 5a1c6068
// 重构日志: 4b628e47
// 重构日志: 1380ddca
// 重构日志: b777f1d8
// 重构日志: fd37a1f1
// 重构日志: b8b7e288
// 同步 ID: 4288809f @ Thu Jul 23 11:08:58 UTC 2026
